<?xml version="1.0" encoding="UTF-8"?>
<!-- Generated by org.testng.reporters.JUnitXMLReporter -->
<testsuite hostname="Senzy-PC" ignored="0" name="Default test" tests="50" failures="3" timestamp="08 Jun 2019 21:08:51 GMT" time="22.409" errors="0">
  <testcase name="verifyWeatherInfoWithPositiveData" time="3.71" classname="com.restassured.practise.TestWeatherAPIWithDataProvider"/>
  <testcase name="verifyWeatherInfoWithPositiveData" time="0.274" classname="com.restassured.practise.TestWeatherAPIWithDataProvider"/>
  <testcase name="verifyWeatherInfoWithPositiveData" time="0.201" classname="com.restassured.practise.TestWeatherAPIWithDataProvider">
    <failure type="java.lang.AssertionError" message="1 expectation failed.
Expected status code &amp;lt;300&amp;gt; but was &amp;lt;200&amp;gt;.
">
      <![CDATA[java.lang.AssertionError: 1 expectation failed.
Expected status code <300> but was <200>.

at sun.reflect.NativeConstructorAccessorImpl.newInstance0(Native Method)
at sun.reflect.NativeConstructorAccessorImpl.newInstance(NativeConstructorAccessorImpl.java:62)
at sun.reflect.DelegatingConstructorAccessorImpl.newInstance(DelegatingConstructorAccessorImpl.java:45)
at java.lang.reflect.Constructor.newInstance(Constructor.java:422)
at org.codehaus.groovy.reflection.CachedConstructor.invoke(CachedConstructor.java:80)
at org.codehaus.groovy.reflection.CachedConstructor.doConstructorInvoke(CachedConstructor.java:74)
at org.codehaus.groovy.runtime.callsite.ConstructorSite$ConstructorSiteNoUnwrap.callConstructor(ConstructorSite.java:84)
at org.codehaus.groovy.runtime.callsite.CallSiteArray.defaultCallConstructor(CallSiteArray.java:59)
at org.codehaus.groovy.runtime.callsite.AbstractCallSite.callConstructor(AbstractCallSite.java:237)
at org.codehaus.groovy.runtime.callsite.AbstractCallSite.callConstructor(AbstractCallSite.java:249)
at io.restassured.internal.ResponseSpecificationImpl$HamcrestAssertionClosure.validate(ResponseSpecificationImpl.groovy:492)
at io.restassured.internal.ResponseSpecificationImpl$HamcrestAssertionClosure$validate$1.call(Unknown Source)
at io.restassured.internal.ResponseSpecificationImpl.validateResponseIfRequired(ResponseSpecificationImpl.groovy:655)
at sun.reflect.NativeMethodAccessorImpl.invoke0(Native Method)
at sun.reflect.NativeMethodAccessorImpl.invoke(NativeMethodAccessorImpl.java:62)
at sun.reflect.DelegatingMethodAccessorImpl.invoke(DelegatingMethodAccessorImpl.java:43)
at java.lang.reflect.Method.invoke(Method.java:497)
at org.codehaus.groovy.runtime.callsite.PlainObjectMetaMethodSite.doInvoke(PlainObjectMetaMethodSite.java:43)
at org.codehaus.groovy.runtime.callsite.PogoMetaMethodSite$PogoCachedMethodSiteNoUnwrapNoCoerce.invoke(PogoMetaMethodSite.java:190)
at org.codehaus.groovy.runtime.callsite.PogoMetaMethodSite.callCurrent(PogoMetaMethodSite.java:58)
at org.codehaus.groovy.runtime.callsite.AbstractCallSite.callCurrent(AbstractCallSite.java:168)
at io.restassured.internal.ResponseSpecificationImpl.statusCode(ResponseSpecificationImpl.groovy:125)
at io.restassured.specification.ResponseSpecification$statusCode$0.callCurrent(Unknown Source)
at io.restassured.internal.ResponseSpecificationImpl.statusCode(ResponseSpecificationImpl.groovy:133)
at io.restassured.internal.ValidatableResponseOptionsImpl.statusCode(ValidatableResponseOptionsImpl.java:89)
at io.restassured.internal.ValidatableResponseImpl.super$2$statusCode(ValidatableResponseImpl.groovy)
at sun.reflect.NativeMethodAccessorImpl.invoke0(Native Method)
at sun.reflect.NativeMethodAccessorImpl.invoke(NativeMethodAccessorImpl.java:62)
at sun.reflect.DelegatingMethodAccessorImpl.invoke(DelegatingMethodAccessorImpl.java:43)
at java.lang.reflect.Method.invoke(Method.java:497)
at org.codehaus.groovy.reflection.CachedMethod.invoke(CachedMethod.java:101)
at groovy.lang.MetaMethod.doMethodInvoke(MetaMethod.java:323)
at groovy.lang.MetaClassImpl.invokeMethod(MetaClassImpl.java:1217)
at org.codehaus.groovy.runtime.ScriptBytecodeAdapter.invokeMethodOnSuperN(ScriptBytecodeAdapter.java:144)
at io.restassured.internal.ValidatableResponseImpl.statusCode(ValidatableResponseImpl.groovy:142)
at io.restassured.internal.ValidatableResponseImpl.statusCode(ValidatableResponseImpl.groovy)
at com.restassured.practise.TestWeatherAPIWithDataProvider.verifyWeatherInfoWithPositiveData(TestWeatherAPIWithDataProvider.java:52)
at sun.reflect.NativeMethodAccessorImpl.invoke0(Native Method)
at sun.reflect.NativeMethodAccessorImpl.invoke(NativeMethodAccessorImpl.java:62)
at sun.reflect.DelegatingMethodAccessorImpl.invoke(DelegatingMethodAccessorImpl.java:43)
at java.lang.reflect.Method.invoke(Method.java:497)
at org.testng.internal.MethodInvocationHelper.invokeMethod(MethodInvocationHelper.java:124)
at org.testng.internal.Invoker.invokeMethod(Invoker.java:583)
at org.testng.internal.Invoker.invokeTestMethod(Invoker.java:719)
at org.testng.internal.Invoker.invokeTestMethods(Invoker.java:989)
at org.testng.internal.TestMethodWorker.invokeTestMethods(TestMethodWorker.java:125)
at org.testng.internal.TestMethodWorker.run(TestMethodWorker.java:109)
at org.testng.TestRunner.privateRun(TestRunner.java:648)
at org.testng.TestRunner.run(TestRunner.java:505)
at org.testng.SuiteRunner.runTest(SuiteRunner.java:455)
at org.testng.SuiteRunner.runSequentially(SuiteRunner.java:450)
at org.testng.SuiteRunner.privateRun(SuiteRunner.java:415)
at org.testng.SuiteRunner.run(SuiteRunner.java:364)
at org.testng.SuiteRunnerWorker.runSuite(SuiteRunnerWorker.java:52)
at org.testng.SuiteRunnerWorker.run(SuiteRunnerWorker.java:84)
at org.testng.TestNG.runSuitesSequentially(TestNG.java:1208)
at org.testng.TestNG.runSuitesLocally(TestNG.java:1137)
at org.testng.TestNG.runSuites(TestNG.java:1049)
at org.testng.TestNG.run(TestNG.java:1017)
at org.testng.remote.AbstractRemoteTestNG.run(AbstractRemoteTestNG.java:115)
at org.testng.remote.RemoteTestNG.initAndRun(RemoteTestNG.java:251)
at org.testng.remote.RemoteTestNG.main(RemoteTestNG.java:77)
]]>
    </failure>
  </testcase> <!-- verifyWeatherInfoWithPositiveData -->
  <testcase name="verifyWeatherInfoWithPositiveData" time="0.211" classname="com.restassured.practise.TestWeatherAPIWithDataProvider">
    <failure type="java.lang.AssertionError" message="1 expectation failed.
Expected status code &amp;lt;300&amp;gt; but was &amp;lt;200&amp;gt;.
">
      <![CDATA[java.lang.AssertionError: 1 expectation failed.
Expected status code <300> but was <200>.

at sun.reflect.NativeConstructorAccessorImpl.newInstance0(Native Method)
at sun.reflect.NativeConstructorAccessorImpl.newInstance(NativeConstructorAccessorImpl.java:62)
at sun.reflect.DelegatingConstructorAccessorImpl.newInstance(DelegatingConstructorAccessorImpl.java:45)
at java.lang.reflect.Constructor.newInstance(Constructor.java:422)
at org.codehaus.groovy.reflection.CachedConstructor.invoke(CachedConstructor.java:80)
at org.codehaus.groovy.reflection.CachedConstructor.doConstructorInvoke(CachedConstructor.java:74)
at org.codehaus.groovy.runtime.callsite.ConstructorSite$ConstructorSiteNoUnwrap.callConstructor(ConstructorSite.java:84)
at org.codehaus.groovy.runtime.callsite.AbstractCallSite.callConstructor(AbstractCallSite.java:249)
at io.restassured.internal.ResponseSpecificationImpl$HamcrestAssertionClosure.validate(ResponseSpecificationImpl.groovy:492)
at io.restassured.internal.ResponseSpecificationImpl$HamcrestAssertionClosure$validate$1.call(Unknown Source)
at io.restassured.internal.ResponseSpecificationImpl.validateResponseIfRequired(ResponseSpecificationImpl.groovy:655)
at sun.reflect.NativeMethodAccessorImpl.invoke0(Native Method)
at sun.reflect.NativeMethodAccessorImpl.invoke(NativeMethodAccessorImpl.java:62)
at sun.reflect.DelegatingMethodAccessorImpl.invoke(DelegatingMethodAccessorImpl.java:43)
at java.lang.reflect.Method.invoke(Method.java:497)
at org.codehaus.groovy.runtime.callsite.PlainObjectMetaMethodSite.doInvoke(PlainObjectMetaMethodSite.java:43)
at org.codehaus.groovy.runtime.callsite.PogoMetaMethodSite$PogoCachedMethodSiteNoUnwrapNoCoerce.invoke(PogoMetaMethodSite.java:190)
at org.codehaus.groovy.runtime.callsite.PogoMetaMethodSite.callCurrent(PogoMetaMethodSite.java:58)
at org.codehaus.groovy.runtime.callsite.AbstractCallSite.callCurrent(AbstractCallSite.java:168)
at io.restassured.internal.ResponseSpecificationImpl.statusCode(ResponseSpecificationImpl.groovy:125)
at io.restassured.specification.ResponseSpecification$statusCode$0.callCurrent(Unknown Source)
at io.restassured.internal.ResponseSpecificationImpl.statusCode(ResponseSpecificationImpl.groovy:133)
at io.restassured.internal.ValidatableResponseOptionsImpl.statusCode(ValidatableResponseOptionsImpl.java:89)
at io.restassured.internal.ValidatableResponseImpl.super$2$statusCode(ValidatableResponseImpl.groovy)
at sun.reflect.NativeMethodAccessorImpl.invoke0(Native Method)
at sun.reflect.NativeMethodAccessorImpl.invoke(NativeMethodAccessorImpl.java:62)
at sun.reflect.DelegatingMethodAccessorImpl.invoke(DelegatingMethodAccessorImpl.java:43)
at java.lang.reflect.Method.invoke(Method.java:497)
at org.codehaus.groovy.reflection.CachedMethod.invoke(CachedMethod.java:101)
at groovy.lang.MetaMethod.doMethodInvoke(MetaMethod.java:323)
at groovy.lang.MetaClassImpl.invokeMethod(MetaClassImpl.java:1217)
at org.codehaus.groovy.runtime.ScriptBytecodeAdapter.invokeMethodOnSuperN(ScriptBytecodeAdapter.java:144)
at io.restassured.internal.ValidatableResponseImpl.statusCode(ValidatableResponseImpl.groovy:142)
at io.restassured.internal.ValidatableResponseImpl.statusCode(ValidatableResponseImpl.groovy)
at com.restassured.practise.TestWeatherAPIWithDataProvider.verifyWeatherInfoWithPositiveData(TestWeatherAPIWithDataProvider.java:52)
at sun.reflect.NativeMethodAccessorImpl.invoke0(Native Method)
at sun.reflect.NativeMethodAccessorImpl.invoke(NativeMethodAccessorImpl.java:62)
at sun.reflect.DelegatingMethodAccessorImpl.invoke(DelegatingMethodAccessorImpl.java:43)
at java.lang.reflect.Method.invoke(Method.java:497)
at org.testng.internal.MethodInvocationHelper.invokeMethod(MethodInvocationHelper.java:124)
at org.testng.internal.Invoker.invokeMethod(Invoker.java:583)
at org.testng.internal.Invoker.invokeTestMethod(Invoker.java:719)
at org.testng.internal.Invoker.invokeTestMethods(Invoker.java:989)
at org.testng.internal.TestMethodWorker.invokeTestMethods(TestMethodWorker.java:125)
at org.testng.internal.TestMethodWorker.run(TestMethodWorker.java:109)
at org.testng.TestRunner.privateRun(TestRunner.java:648)
at org.testng.TestRunner.run(TestRunner.java:505)
at org.testng.SuiteRunner.runTest(SuiteRunner.java:455)
at org.testng.SuiteRunner.runSequentially(SuiteRunner.java:450)
at org.testng.SuiteRunner.privateRun(SuiteRunner.java:415)
at org.testng.SuiteRunner.run(SuiteRunner.java:364)
at org.testng.SuiteRunnerWorker.runSuite(SuiteRunnerWorker.java:52)
at org.testng.SuiteRunnerWorker.run(SuiteRunnerWorker.java:84)
at org.testng.TestNG.runSuitesSequentially(TestNG.java:1208)
at org.testng.TestNG.runSuitesLocally(TestNG.java:1137)
at org.testng.TestNG.runSuites(TestNG.java:1049)
at org.testng.TestNG.run(TestNG.java:1017)
at org.testng.remote.AbstractRemoteTestNG.run(AbstractRemoteTestNG.java:115)
at org.testng.remote.RemoteTestNG.initAndRun(RemoteTestNG.java:251)
at org.testng.remote.RemoteTestNG.main(RemoteTestNG.java:77)
]]>
    </failure>
  </testcase> <!-- verifyWeatherInfoWithPositiveData -->
  <testcase name="verifyWeatherInfoWithPositiveData" time="0.175" classname="com.restassured.practise.TestWeatherAPIWithDataProvider">
    <failure type="java.lang.AssertionError" message="1 expectation failed.
Expected status code &amp;lt;300&amp;gt; but was &amp;lt;200&amp;gt;.
">
      <![CDATA[java.lang.AssertionError: 1 expectation failed.
Expected status code <300> but was <200>.

at sun.reflect.NativeConstructorAccessorImpl.newInstance0(Native Method)
at sun.reflect.NativeConstructorAccessorImpl.newInstance(NativeConstructorAccessorImpl.java:62)
at sun.reflect.DelegatingConstructorAccessorImpl.newInstance(DelegatingConstructorAccessorImpl.java:45)
at java.lang.reflect.Constructor.newInstance(Constructor.java:422)
at org.codehaus.groovy.reflection.CachedConstructor.invoke(CachedConstructor.java:80)
at org.codehaus.groovy.reflection.CachedConstructor.doConstructorInvoke(CachedConstructor.java:74)
at org.codehaus.groovy.runtime.callsite.ConstructorSite$ConstructorSiteNoUnwrap.callConstructor(ConstructorSite.java:84)
at org.codehaus.groovy.runtime.callsite.AbstractCallSite.callConstructor(AbstractCallSite.java:249)
at io.restassured.internal.ResponseSpecificationImpl$HamcrestAssertionClosure.validate(ResponseSpecificationImpl.groovy:492)
at io.restassured.internal.ResponseSpecificationImpl$HamcrestAssertionClosure$validate$1.call(Unknown Source)
at io.restassured.internal.ResponseSpecificationImpl.validateResponseIfRequired(ResponseSpecificationImpl.groovy:655)
at sun.reflect.NativeMethodAccessorImpl.invoke0(Native Method)
at sun.reflect.NativeMethodAccessorImpl.invoke(NativeMethodAccessorImpl.java:62)
at sun.reflect.DelegatingMethodAccessorImpl.invoke(DelegatingMethodAccessorImpl.java:43)
at java.lang.reflect.Method.invoke(Method.java:497)
at org.codehaus.groovy.runtime.callsite.PlainObjectMetaMethodSite.doInvoke(PlainObjectMetaMethodSite.java:43)
at org.codehaus.groovy.runtime.callsite.PogoMetaMethodSite$PogoCachedMethodSiteNoUnwrapNoCoerce.invoke(PogoMetaMethodSite.java:190)
at org.codehaus.groovy.runtime.callsite.PogoMetaMethodSite.callCurrent(PogoMetaMethodSite.java:58)
at org.codehaus.groovy.runtime.callsite.AbstractCallSite.callCurrent(AbstractCallSite.java:168)
at io.restassured.internal.ResponseSpecificationImpl.statusCode(ResponseSpecificationImpl.groovy:125)
at io.restassured.specification.ResponseSpecification$statusCode$0.callCurrent(Unknown Source)
at io.restassured.internal.ResponseSpecificationImpl.statusCode(ResponseSpecificationImpl.groovy:133)
at io.restassured.internal.ValidatableResponseOptionsImpl.statusCode(ValidatableResponseOptionsImpl.java:89)
at io.restassured.internal.ValidatableResponseImpl.super$2$statusCode(ValidatableResponseImpl.groovy)
at sun.reflect.NativeMethodAccessorImpl.invoke0(Native Method)
at sun.reflect.NativeMethodAccessorImpl.invoke(NativeMethodAccessorImpl.java:62)
at sun.reflect.DelegatingMethodAccessorImpl.invoke(DelegatingMethodAccessorImpl.java:43)
at java.lang.reflect.Method.invoke(Method.java:497)
at org.codehaus.groovy.reflection.CachedMethod.invoke(CachedMethod.java:101)
at groovy.lang.MetaMethod.doMethodInvoke(MetaMethod.java:323)
at groovy.lang.MetaClassImpl.invokeMethod(MetaClassImpl.java:1217)
at org.codehaus.groovy.runtime.ScriptBytecodeAdapter.invokeMethodOnSuperN(ScriptBytecodeAdapter.java:144)
at io.restassured.internal.ValidatableResponseImpl.statusCode(ValidatableResponseImpl.groovy:142)
at io.restassured.internal.ValidatableResponseImpl.statusCode(ValidatableResponseImpl.groovy)
at com.restassured.practise.TestWeatherAPIWithDataProvider.verifyWeatherInfoWithPositiveData(TestWeatherAPIWithDataProvider.java:52)
at sun.reflect.NativeMethodAccessorImpl.invoke0(Native Method)
at sun.reflect.NativeMethodAccessorImpl.invoke(NativeMethodAccessorImpl.java:62)
at sun.reflect.DelegatingMethodAccessorImpl.invoke(DelegatingMethodAccessorImpl.java:43)
at java.lang.reflect.Method.invoke(Method.java:497)
at org.testng.internal.MethodInvocationHelper.invokeMethod(MethodInvocationHelper.java:124)
at org.testng.internal.Invoker.invokeMethod(Invoker.java:583)
at org.testng.internal.Invoker.invokeTestMethod(Invoker.java:719)
at org.testng.internal.Invoker.invokeTestMethods(Invoker.java:989)
at org.testng.internal.TestMethodWorker.invokeTestMethods(TestMethodWorker.java:125)
at org.testng.internal.TestMethodWorker.run(TestMethodWorker.java:109)
at org.testng.TestRunner.privateRun(TestRunner.java:648)
at org.testng.TestRunner.run(TestRunner.java:505)
at org.testng.SuiteRunner.runTest(SuiteRunner.java:455)
at org.testng.SuiteRunner.runSequentially(SuiteRunner.java:450)
at org.testng.SuiteRunner.privateRun(SuiteRunner.java:415)
at org.testng.SuiteRunner.run(SuiteRunner.java:364)
at org.testng.SuiteRunnerWorker.runSuite(SuiteRunnerWorker.java:52)
at org.testng.SuiteRunnerWorker.run(SuiteRunnerWorker.java:84)
at org.testng.TestNG.runSuitesSequentially(TestNG.java:1208)
at org.testng.TestNG.runSuitesLocally(TestNG.java:1137)
at org.testng.TestNG.runSuites(TestNG.java:1049)
at org.testng.TestNG.run(TestNG.java:1017)
at org.testng.remote.AbstractRemoteTestNG.run(AbstractRemoteTestNG.java:115)
at org.testng.remote.RemoteTestNG.initAndRun(RemoteTestNG.java:251)
at org.testng.remote.RemoteTestNG.main(RemoteTestNG.java:77)
]]>
    </failure>
  </testcase> <!-- verifyWeatherInfoWithPositiveData -->
  <testcase name="verifyWeatherInfoWithPositiveData" time="0.246" classname="com.restassured.practise.TestWeatherAPIWithDataProvider"/>
  <testcase name="verifyWeatherInfoWithPositiveData" time="0.231" classname="com.restassured.practise.TestWeatherAPIWithDataProvider"/>
  <testcase name="verifyWeatherInfoWithPositiveData" time="0.199" classname="com.restassured.practise.TestWeatherAPIWithDataProvider"/>
  <testcase name="verifyWeatherInfoWithPositiveData" time="0.192" classname="com.restassured.practise.TestWeatherAPIWithDataProvider"/>
  <testcase name="verifyWeatherInfoWithPositiveData" time="0.202" classname="com.restassured.practise.TestWeatherAPIWithDataProvider"/>
  <testcase name="verifyWeatherInfoWithPositiveData" time="0.2" classname="com.restassured.practise.TestWeatherAPIWithDataProvider"/>
  <testcase name="verifyWeatherInfoWithPositiveData" time="0.235" classname="com.restassured.practise.TestWeatherAPIWithDataProvider"/>
  <testcase name="verifyWeatherInfoWithPositiveData" time="0.189" classname="com.restassured.practise.TestWeatherAPIWithDataProvider"/>
  <testcase name="verifyWeatherInfoWithPositiveData" time="0.238" classname="com.restassured.practise.TestWeatherAPIWithDataProvider"/>
  <testcase name="verifyWeatherInfoWithPositiveData" time="4.891" classname="com.restassured.practise.TestWeatherAPIWithDataProvider"/>
  <testcase name="verifyWeatherInfoWithPositiveData" time="0.356" classname="com.restassured.practise.TestWeatherAPIWithDataProvider"/>
  <testcase name="verifyWeatherInfoWithPositiveData" time="0.178" classname="com.restassured.practise.TestWeatherAPIWithDataProvider"/>
  <testcase name="verifyWeatherInfoWithPositiveData" time="0.183" classname="com.restassured.practise.TestWeatherAPIWithDataProvider"/>
  <testcase name="verifyWeatherInfoWithPositiveData" time="0.175" classname="com.restassured.practise.TestWeatherAPIWithDataProvider"/>
  <testcase name="verifyWeatherInfoWithPositiveData" time="0.211" classname="com.restassured.practise.TestWeatherAPIWithDataProvider"/>
  <testcase name="verifyWeatherInfoWithPositiveData" time="0.173" classname="com.restassured.practise.TestWeatherAPIWithDataProvider"/>
  <testcase name="verifyWeatherInfoWithPositiveData" time="0.204" classname="com.restassured.practise.TestWeatherAPIWithDataProvider"/>
  <testcase name="verifyWeatherInfoWithPositiveData" time="0.171" classname="com.restassured.practise.TestWeatherAPIWithDataProvider"/>
  <testcase name="verifyWeatherInfoWithPositiveData" time="0.163" classname="com.restassured.practise.TestWeatherAPIWithDataProvider"/>
  <testcase name="verifyWeatherInfoWithPositiveData" time="0.193" classname="com.restassured.practise.TestWeatherAPIWithDataProvider"/>
  <testcase name="verifyWeatherInfoWithPositiveData" time="0.216" classname="com.restassured.practise.TestWeatherAPIWithDataProvider"/>
  <testcase name="verifyWeatherInfoWithPositiveData" time="0.166" classname="com.restassured.practise.TestWeatherAPIWithDataProvider"/>
  <testcase name="verifyWeatherInfoWithPositiveData" time="0.163" classname="com.restassured.practise.TestWeatherAPIWithDataProvider"/>
  <testcase name="verifyWeatherInfoWithPositiveData" time="0.159" classname="com.restassured.practise.TestWeatherAPIWithDataProvider"/>
  <testcase name="verifyWeatherInfoWithPositiveData" time="0.179" classname="com.restassured.practise.TestWeatherAPIWithDataProvider"/>
  <testcase name="verifyWeatherInfoWithNegativeData" time="0.15" classname="com.restassured.practise.TestWeatherAPIWithDataProvider"/>
  <testcase name="verifyWeatherInfoWithNegativeData" time="0.191" classname="com.restassured.practise.TestWeatherAPIWithDataProvider"/>
  <testcase name="verifyWeatherInfoWithNegativeData" time="0.137" classname="com.restassured.practise.TestWeatherAPIWithDataProvider"/>
  <testcase name="verifyWeatherInfoWithNegativeData" time="0.153" classname="com.restassured.practise.TestWeatherAPIWithDataProvider"/>
  <testcase name="verifyWeatherInfoWithNegativeData" time="0.143" classname="com.restassured.practise.TestWeatherAPIWithDataProvider"/>
  <testcase name="verifyWeatherInfoWithNegativeData" time="0.15" classname="com.restassured.practise.TestWeatherAPIWithDataProvider"/>
  <testcase name="verifyWeatherInfoWithNegativeData" time="0.152" classname="com.restassured.practise.TestWeatherAPIWithDataProvider"/>
  <testcase name="verifyWeatherInfoWithNegativeData" time="0.14" classname="com.restassured.practise.TestWeatherAPIWithDataProvider"/>
  <testcase name="verifyWeatherInfoWithNegativeData" time="0.142" classname="com.restassured.practise.TestWeatherAPIWithDataProvider"/>
  <testcase name="verifyWeatherInfoWithNegativeData" time="0.127" classname="com.restassured.practise.TestWeatherAPIWithDataProvider"/>
  <testcase name="verifyWeatherInfoWithNegativeData" time="0.125" classname="com.restassured.practise.TestWeatherAPIWithDataProvider"/>
  <testcase name="verifyWeatherInfoWithNegativeData" time="0.176" classname="com.restassured.practise.TestWeatherAPIWithDataProvider"/>
  <testcase name="verifyWeatherInfoWithNegativeData" time="0.118" classname="com.restassured.practise.TestWeatherAPIWithDataProvider"/>
  <testcase name="verifyWeatherInfoWithNegativeData" time="0.116" classname="com.restassured.practise.TestWeatherAPIWithDataProvider"/>
  <testcase name="verifyWeatherInfoWithNegativeData" time="0.118" classname="com.restassured.practise.TestWeatherAPIWithDataProvider"/>
  <testcase name="verifyWeatherInfoWithNegativeData" time="0.163" classname="com.restassured.practise.TestWeatherAPIWithDataProvider"/>
  <testcase name="verifyWeatherInfoWithNegativeData" time="0.115" classname="com.restassured.practise.TestWeatherAPIWithDataProvider"/>
  <testcase name="verifyWeatherInfoWithNegativeData" time="0.114" classname="com.restassured.practise.TestWeatherAPIWithDataProvider"/>
  <testcase name="verifyWeatherInfoWithNegativeData" time="0.117" classname="com.restassured.practise.TestWeatherAPIWithDataProvider"/>
  <testcase name="verifyWeatherInfoWithNegativeData" time="0.118" classname="com.restassured.practise.TestWeatherAPIWithDataProvider"/>
</testsuite> <!-- Default test -->
