<?xml version="1.0" encoding="UTF-8"?>
<testng-results skipped="0" failed="0" ignored="0" total="1" passed="1">
  <reporter-output>
  </reporter-output>
  <suite name="Default suite" duration-ms="8502" started-at="2019-07-16T13:06:40Z" finished-at="2019-07-16T13:06:49Z">
    <groups>
    </groups>
    <test name="Default test" duration-ms="8502" started-at="2019-07-16T13:06:40Z" finished-at="2019-07-16T13:06:49Z">
      <class name="com.restassured.practise.PostAndReceiveResponse">
        <test-method status="PASS" signature="postAndReceiveResponse()[pri:0, instance:com.restassured.practise.PostAndReceiveResponse@e25b2fe]" name="postAndReceiveResponse" duration-ms="8393" started-at="2019-07-16T13:06:40Z" finished-at="2019-07-16T13:06:49Z">
          <reporter-output>
          </reporter-output>
        </test-method> <!-- postAndReceiveResponse -->
      </class> <!-- com.restassured.practise.PostAndReceiveResponse -->
    </test> <!-- Default test -->
  </suite> <!-- Default suite -->
</testng-results>
